<?xml version="1.0" encoding="UTF-8"?>
<!-- Generated by org.testng.reporters.JUnitReportReporter -->
<testsuite hostname="ZHOUJOSEPHdeMacBook-Air.local" name="com.netease.util.GetDate" tests="1" failures="0" timestamp="18 May 2015 08:55:28 GMT" time="0.033" errors="0">
  <testcase name="Test" time="0.033" classname="com.netease.util.GetDate"/>
</testsuite> <!-- com.netease.util.GetDate -->
