<?xml version="1.0" encoding="UTF-8"?>
<!-- Generated by org.testng.reporters.JUnitReportReporter -->
<testsuite hostname="ZHOUJOSEPHdeMacBook-Air.local" name="com.netease.thread.ModifyThread" tests="10" failures="0" timestamp="5 Jun 2015 01:48:06 GMT" time="0.795" errors="0">
  <testcase name="modifyRequest" time="0.047" classname="com.netease.thread.ModifyThread"/>
  <testcase name="modifyRequest" time="0.077" classname="com.netease.thread.ModifyThread"/>
  <testcase name="modifyRequest" time="0.091" classname="com.netease.thread.ModifyThread"/>
  <testcase name="modifyRequest" time="0.103" classname="com.netease.thread.ModifyThread"/>
  <testcase name="modifyRequest" time="0.082" classname="com.netease.thread.ModifyThread"/>
  <testcase name="modifyRequest" time="0.048" classname="com.netease.thread.ModifyThread"/>
  <testcase name="modifyRequest" time="0.065" classname="com.netease.thread.ModifyThread"/>
  <testcase name="modifyRequest" time="0.111" classname="com.netease.thread.ModifyThread"/>
  <testcase name="modifyRequest" time="0.074" classname="com.netease.thread.ModifyThread"/>
  <testcase name="modifyRequest" time="0.097" classname="com.netease.thread.ModifyThread"/>
</testsuite> <!-- com.netease.thread.ModifyThread -->
