<?xml version="1.0" encoding="UTF-8"?>
<!-- Generated by org.testng.reporters.JUnitReportReporter -->
<testsuite hostname="ZHOUJOSEPHdeMacBook-Air.local" name="com.netease.user.QueryAuthUser" tests="4" failures="0" timestamp="5 Jun 2015 01:48:06 GMT" time="0.143" errors="0">
  <testcase name="queryAuthUser" time="0.033" classname="com.netease.user.QueryAuthUser"/>
  <testcase name="queryAuthUser" time="0.035" classname="com.netease.user.QueryAuthUser"/>
  <testcase name="queryAuthUser" time="0.043" classname="com.netease.user.QueryAuthUser"/>
  <testcase name="queryAuthUser" time="0.032" classname="com.netease.user.QueryAuthUser"/>
</testsuite> <!-- com.netease.user.QueryAuthUser -->
