<?xml version="1.0" encoding="UTF-8"?>
<!-- Generated by org.testng.reporters.JUnitReportReporter -->
<testsuite hostname="ZHOUJOSEPHdeMacBook-Air.local" name="com.netease.comment.CreateComment" tests="18" failures="0" timestamp="5 Jun 2015 01:48:06 GMT" time="1.910" errors="1">
  <testcase name="createComment" time="0.259" classname="com.netease.comment.CreateComment"/>
  <testcase name="createComment" time="0.109" classname="com.netease.comment.CreateComment"/>
  <testcase name="createComment" time="0.031" classname="com.netease.comment.CreateComment"/>
  <testcase name="createComment" time="0.154" classname="com.netease.comment.CreateComment"/>
  <testcase name="createComment" time="0.082" classname="com.netease.comment.CreateComment"/>
  <testcase name="createComment" time="0.064" classname="com.netease.comment.CreateComment"/>
  <testcase name="createComment" time="0.073" classname="com.netease.comment.CreateComment"/>
  <testcase name="createComment" time="0.066" classname="com.netease.comment.CreateComment">
    <error type="java.lang.AssertionError" message="expected [true] but found [false]">
      <![CDATA[java.lang.AssertionError: expected [true] but found [false]
	at org.testng.Assert.fail(Assert.java:94)
	at org.testng.Assert.failNotEquals(Assert.java:494)
	at org.testng.Assert.assertEquals(Assert.java:123)
	at org.testng.Assert.assertEquals(Assert.java:286)
	at org.testng.Assert.assertEquals(Assert.java:296)
	at com.netease.util.ReturnCheck.returnCheck(ReturnCheck.java:55)
	at com.netease.comment.CreateComment.createComment(CreateComment.java:48)
	at sun.reflect.GeneratedMethodAccessor15.invoke(Unknown Source)
	at sun.reflect.DelegatingMethodAccessorImpl.invoke(DelegatingMethodAccessorImpl.java:43)
	at java.lang.reflect.Method.invoke(Method.java:497)
	at org.testng.internal.MethodInvocationHelper.invokeMethod(MethodInvocationHelper.java:84)
	at org.testng.internal.Invoker.invokeMethod(Invoker.java:714)
	at org.testng.internal.Invoker.invokeTestMethod(Invoker.java:901)
	at org.testng.internal.Invoker.invokeTestMethods(Invoker.java:1231)
	at org.testng.internal.TestMethodWorker.invokeTestMethods(TestMethodWorker.java:127)
	at org.testng.internal.TestMethodWorker.run(TestMethodWorker.java:111)
	at org.testng.TestRunner.privateRun(TestRunner.java:767)
	at org.testng.TestRunner.run(TestRunner.java:617)
	at org.testng.SuiteRunner.runTest(SuiteRunner.java:334)
	at org.testng.SuiteRunner.runSequentially(SuiteRunner.java:329)
	at org.testng.SuiteRunner.privateRun(SuiteRunner.java:291)
	at org.testng.SuiteRunner.run(SuiteRunner.java:240)
	at org.testng.SuiteRunnerWorker.runSuite(SuiteRunnerWorker.java:52)
	at org.testng.SuiteRunnerWorker.run(SuiteRunnerWorker.java:86)
	at org.testng.TestNG.runSuitesSequentially(TestNG.java:1224)
	at org.testng.TestNG.runSuitesLocally(TestNG.java:1149)
	at org.testng.TestNG.run(TestNG.java:1057)
	at org.testng.remote.RemoteTestNG.run(RemoteTestNG.java:111)
	at org.testng.remote.RemoteTestNG.initAndRun(RemoteTestNG.java:204)
	at org.testng.remote.RemoteTestNG.main(RemoteTestNG.java:175)
]]>
    </error>
  </testcase> <!-- createComment -->
  <testcase name="createComment" time="0.137" classname="com.netease.comment.CreateComment"/>
  <testcase name="createComment" time="0.138" classname="com.netease.comment.CreateComment"/>
  <testcase name="createComment" time="0.045" classname="com.netease.comment.CreateComment"/>
  <testcase name="createComment" time="0.075" classname="com.netease.comment.CreateComment"/>
  <testcase name="createComment" time="0.130" classname="com.netease.comment.CreateComment"/>
  <testcase name="createComment" time="0.151" classname="com.netease.comment.CreateComment"/>
  <testcase name="createComment" time="0.059" classname="com.netease.comment.CreateComment"/>
  <testcase name="createComment" time="0.079" classname="com.netease.comment.CreateComment"/>
  <testcase name="createComment" time="0.142" classname="com.netease.comment.CreateComment"/>
  <testcase name="createComment" time="0.116" classname="com.netease.comment.CreateComment"/>
</testsuite> <!-- com.netease.comment.CreateComment -->
