<?xml version="1.0" encoding="UTF-8"?>
<!-- Generated by org.testng.reporters.JUnitReportReporter -->
<testsuite hostname="ZHOUJOSEPHdeMacBook-Air.local" name="com.netease.comment.QueryHotComment" tests="27" failures="0" timestamp="5 Jun 2015 01:48:06 GMT" time="1.305" errors="0">
  <testcase name="queryHotComment" time="0.056" classname="com.netease.comment.QueryHotComment"/>
  <testcase name="queryHotComment" time="0.044" classname="com.netease.comment.QueryHotComment"/>
  <testcase name="queryHotComment" time="0.052" classname="com.netease.comment.QueryHotComment"/>
  <testcase name="queryHotComment" time="0.034" classname="com.netease.comment.QueryHotComment"/>
  <testcase name="queryHotComment" time="0.035" classname="com.netease.comment.QueryHotComment"/>
  <testcase name="queryHotComment" time="0.032" classname="com.netease.comment.QueryHotComment"/>
  <testcase name="queryHotComment" time="0.054" classname="com.netease.comment.QueryHotComment"/>
  <testcase name="queryHotComment" time="0.140" classname="com.netease.comment.QueryHotComment"/>
  <testcase name="queryHotComment" time="0.029" classname="com.netease.comment.QueryHotComment"/>
  <testcase name="queryHotComment" time="0.035" classname="com.netease.comment.QueryHotComment"/>
  <testcase name="queryHotComment" time="0.041" classname="com.netease.comment.QueryHotComment"/>
  <testcase name="queryHotComment" time="0.069" classname="com.netease.comment.QueryHotComment"/>
  <testcase name="queryHotComment" time="0.037" classname="com.netease.comment.QueryHotComment"/>
  <testcase name="queryHotComment" time="0.049" classname="com.netease.comment.QueryHotComment"/>
  <testcase name="queryHotComment" time="0.043" classname="com.netease.comment.QueryHotComment"/>
  <testcase name="queryHotComment" time="0.033" classname="com.netease.comment.QueryHotComment"/>
  <testcase name="queryHotComment" time="0.035" classname="com.netease.comment.QueryHotComment"/>
  <testcase name="queryHotComment" time="0.057" classname="com.netease.comment.QueryHotComment"/>
  <testcase name="queryHotComment" time="0.050" classname="com.netease.comment.QueryHotComment"/>
  <testcase name="queryHotComment" time="0.052" classname="com.netease.comment.QueryHotComment"/>
  <testcase name="queryHotComment" time="0.049" classname="com.netease.comment.QueryHotComment"/>
  <testcase name="queryHotComment" time="0.047" classname="com.netease.comment.QueryHotComment"/>
  <testcase name="queryHotComment" time="0.056" classname="com.netease.comment.QueryHotComment"/>
  <testcase name="queryHotComment" time="0.029" classname="com.netease.comment.QueryHotComment"/>
  <testcase name="queryHotComment" time="0.051" classname="com.netease.comment.QueryHotComment"/>
  <testcase name="queryHotComment" time="0.046" classname="com.netease.comment.QueryHotComment"/>
  <testcase name="queryHotComment" time="0.050" classname="com.netease.comment.QueryHotComment"/>
</testsuite> <!-- com.netease.comment.QueryHotComment -->
