<?xml version="1.0" encoding="UTF-8"?>
<!-- Generated by org.testng.reporters.JUnitReportReporter -->
<testsuite hostname="ZHOUJOSEPHdeMacBook-Air.local" name="com.netease.thread.QueryThread" tests="6" failures="0" timestamp="5 Jun 2015 01:48:06 GMT" time="1.218" errors="0">
  <testcase name="queryThread" time="0.031" classname="com.netease.thread.QueryThread"/>
  <testcase name="queryThread" time="0.067" classname="com.netease.thread.QueryThread"/>
  <testcase name="queryThread" time="0.027" classname="com.netease.thread.QueryThread"/>
  <testcase name="queryThread" time="1.010" classname="com.netease.thread.QueryThread"/>
  <testcase name="queryThread" time="0.040" classname="com.netease.thread.QueryThread"/>
  <testcase name="queryThread" time="0.043" classname="com.netease.thread.QueryThread"/>
</testsuite> <!-- com.netease.thread.QueryThread -->
