<?xml version="1.0" encoding="UTF-8"?>
<!-- Generated by org.testng.reporters.JUnitReportReporter -->
<testsuite hostname="ZHOUJOSEPHdeMacBook-Air.local" name="com.netease.comment.DeleteComment" tests="14" failures="0" timestamp="5 Jun 2015 01:48:06 GMT" time="1.197" errors="0">
  <testcase name="deleteComment" time="0.075" classname="com.netease.comment.DeleteComment"/>
  <testcase name="deleteComment" time="0.066" classname="com.netease.comment.DeleteComment"/>
  <testcase name="deleteComment" time="0.078" classname="com.netease.comment.DeleteComment"/>
  <testcase name="deleteComment" time="0.107" classname="com.netease.comment.DeleteComment"/>
  <testcase name="deleteComment" time="0.101" classname="com.netease.comment.DeleteComment"/>
  <testcase name="deleteComment" time="0.073" classname="com.netease.comment.DeleteComment"/>
  <testcase name="deleteComment" time="0.116" classname="com.netease.comment.DeleteComment"/>
  <testcase name="deleteComment" time="0.124" classname="com.netease.comment.DeleteComment"/>
  <testcase name="deleteComment" time="0.081" classname="com.netease.comment.DeleteComment"/>
  <testcase name="deleteComment" time="0.070" classname="com.netease.comment.DeleteComment"/>
  <testcase name="deleteComment" time="0.049" classname="com.netease.comment.DeleteComment"/>
  <testcase name="deleteComment" time="0.071" classname="com.netease.comment.DeleteComment"/>
  <testcase name="deleteComment" time="0.104" classname="com.netease.comment.DeleteComment"/>
  <testcase name="deleteComment" time="0.082" classname="com.netease.comment.DeleteComment"/>
</testsuite> <!-- com.netease.comment.DeleteComment -->
