<?xml version="1.0" encoding="UTF-8"?>
<!-- Generated by org.testng.reporters.JUnitReportReporter -->
<testsuite hostname="ZHOUJOSEPHdeMacBook-Air.local" name="com.netease.debug.QueryMyComment" tests="27" failures="0" timestamp="1 Jun 2015 11:19:51 GMT" time="8.754" errors="0">
  <testcase name="queryMyComment" time="0.677" classname="com.netease.debug.QueryMyComment"/>
  <testcase name="queryMyComment" time="0.292" classname="com.netease.debug.QueryMyComment"/>
  <testcase name="queryMyComment" time="0.255" classname="com.netease.debug.QueryMyComment"/>
  <testcase name="queryMyComment" time="0.267" classname="com.netease.debug.QueryMyComment"/>
  <testcase name="queryMyComment" time="0.251" classname="com.netease.debug.QueryMyComment"/>
  <testcase name="queryMyComment" time="0.261" classname="com.netease.debug.QueryMyComment"/>
  <testcase name="queryMyComment" time="0.255" classname="com.netease.debug.QueryMyComment"/>
  <testcase name="queryMyComment" time="0.271" classname="com.netease.debug.QueryMyComment"/>
  <testcase name="queryMyComment" time="1.271" classname="com.netease.debug.QueryMyComment"/>
  <testcase name="queryMyComment" time="0.247" classname="com.netease.debug.QueryMyComment"/>
  <testcase name="queryMyComment" time="0.274" classname="com.netease.debug.QueryMyComment"/>
  <testcase name="queryMyComment" time="0.346" classname="com.netease.debug.QueryMyComment"/>
  <testcase name="queryMyComment" time="0.250" classname="com.netease.debug.QueryMyComment"/>
  <testcase name="queryMyComment" time="0.263" classname="com.netease.debug.QueryMyComment"/>
  <testcase name="queryMyComment" time="0.290" classname="com.netease.debug.QueryMyComment"/>
  <testcase name="queryMyComment" time="0.266" classname="com.netease.debug.QueryMyComment"/>
  <testcase name="queryMyComment" time="0.280" classname="com.netease.debug.QueryMyComment"/>
  <testcase name="queryMyComment" time="0.244" classname="com.netease.debug.QueryMyComment"/>
  <testcase name="queryMyComment" time="0.269" classname="com.netease.debug.QueryMyComment"/>
  <testcase name="queryMyComment" time="0.264" classname="com.netease.debug.QueryMyComment"/>
  <testcase name="queryMyComment" time="0.254" classname="com.netease.debug.QueryMyComment"/>
  <testcase name="queryMyComment" time="0.275" classname="com.netease.debug.QueryMyComment"/>
  <testcase name="queryMyComment" time="0.283" classname="com.netease.debug.QueryMyComment"/>
  <testcase name="queryMyComment" time="0.251" classname="com.netease.debug.QueryMyComment"/>
  <testcase name="queryMyComment" time="0.356" classname="com.netease.debug.QueryMyComment"/>
  <testcase name="queryMyComment" time="0.251" classname="com.netease.debug.QueryMyComment"/>
  <testcase name="queryMyComment" time="0.291" classname="com.netease.debug.QueryMyComment"/>
</testsuite> <!-- com.netease.debug.QueryMyComment -->
