<?xml version="1.0" encoding="UTF-8"?>
<!-- Generated by org.testng.reporters.JUnitReportReporter -->
<testsuite hostname="ZHOUJOSEPHdeMacBook-Air.local" name="com.netease.comment.QueryUserComment" tests="28" failures="0" timestamp="5 Jun 2015 01:48:06 GMT" time="1.430" errors="0">
  <testcase name="queryUserComment" time="0.046" classname="com.netease.comment.QueryUserComment"/>
  <testcase name="queryUserComment" time="0.040" classname="com.netease.comment.QueryUserComment"/>
  <testcase name="queryUserComment" time="0.056" classname="com.netease.comment.QueryUserComment"/>
  <testcase name="queryUserComment" time="0.067" classname="com.netease.comment.QueryUserComment"/>
  <testcase name="queryUserComment" time="0.063" classname="com.netease.comment.QueryUserComment"/>
  <testcase name="queryUserComment" time="0.026" classname="com.netease.comment.QueryUserComment"/>
  <testcase name="queryUserComment" time="0.066" classname="com.netease.comment.QueryUserComment"/>
  <testcase name="queryUserComment" time="0.046" classname="com.netease.comment.QueryUserComment"/>
  <testcase name="queryUserComment" time="0.038" classname="com.netease.comment.QueryUserComment"/>
  <testcase name="queryUserComment" time="0.035" classname="com.netease.comment.QueryUserComment"/>
  <testcase name="queryUserComment" time="0.085" classname="com.netease.comment.QueryUserComment"/>
  <testcase name="queryUserComment" time="0.037" classname="com.netease.comment.QueryUserComment"/>
  <testcase name="queryUserComment" time="0.024" classname="com.netease.comment.QueryUserComment"/>
  <testcase name="queryUserComment" time="0.054" classname="com.netease.comment.QueryUserComment"/>
  <testcase name="queryUserComment" time="0.065" classname="com.netease.comment.QueryUserComment"/>
  <testcase name="queryUserComment" time="0.031" classname="com.netease.comment.QueryUserComment"/>
  <testcase name="queryUserComment" time="0.054" classname="com.netease.comment.QueryUserComment"/>
  <testcase name="queryUserComment" time="0.037" classname="com.netease.comment.QueryUserComment"/>
  <testcase name="queryUserComment" time="0.063" classname="com.netease.comment.QueryUserComment"/>
  <testcase name="queryUserComment" time="0.054" classname="com.netease.comment.QueryUserComment"/>
  <testcase name="queryUserComment" time="0.094" classname="com.netease.comment.QueryUserComment"/>
  <testcase name="queryUserComment" time="0.046" classname="com.netease.comment.QueryUserComment"/>
  <testcase name="queryUserComment" time="0.080" classname="com.netease.comment.QueryUserComment"/>
  <testcase name="queryUserComment" time="0.045" classname="com.netease.comment.QueryUserComment"/>
  <testcase name="queryUserComment" time="0.043" classname="com.netease.comment.QueryUserComment"/>
  <testcase name="queryUserComment" time="0.030" classname="com.netease.comment.QueryUserComment"/>
  <testcase name="queryUserComment" time="0.054" classname="com.netease.comment.QueryUserComment"/>
  <testcase name="queryUserComment" time="0.051" classname="com.netease.comment.QueryUserComment"/>
</testsuite> <!-- com.netease.comment.QueryUserComment -->
