<?xml version="1.0" encoding="UTF-8"?>
<!-- Generated by org.testng.reporters.JUnitReportReporter -->
<testsuite hostname="ZHOUJOSEPHdeMacBook-Air.local" name="com.netease.util.Login" tests="1" failures="0" timestamp="22 May 2015 08:26:22 GMT" time="0.953" errors="0">
  <testcase name="getCookie" time="0.953" classname="com.netease.util.Login"/>
</testsuite> <!-- com.netease.util.Login -->
