<?xml version="1.0" encoding="UTF-8"?>
<!-- Generated by org.testng.reporters.JUnitReportReporter -->
<testsuite hostname="ZHOUJOSEPHdeMacBook-Air.local" name="com.netease.debug.Debug" tests="1" failures="0" timestamp="8 Jun 2015 02:47:18 GMT" time="0.607" errors="0">
  <testcase name="queryThread" time="0.607" classname="com.netease.debug.Debug"/>
</testsuite> <!-- com.netease.debug.Debug -->
