<?xml version="1.0" encoding="UTF-8"?>
<!-- Generated by org.testng.reporters.JUnitReportReporter -->
<testsuite hostname="ZHOUJOSEPHdeMacBook-Air.local" name="com.netease.debug.QueryAuthUser" tests="5" failures="0" timestamp="29 May 2015 05:50:28 GMT" time="2.504" errors="0">
  <testcase name="queryMyComment" time="0.235" classname="com.netease.debug.QueryAuthUser"/>
  <testcase name="queryMyComment" time="0.233" classname="com.netease.debug.QueryAuthUser"/>
  <testcase name="queryMyComment" time="1.540" classname="com.netease.debug.QueryAuthUser"/>
  <testcase name="queryMyComment" time="0.248" classname="com.netease.debug.QueryAuthUser"/>
  <testcase name="queryMyComment" time="0.248" classname="com.netease.debug.QueryAuthUser"/>
</testsuite> <!-- com.netease.debug.QueryAuthUser -->
