<?xml version="1.0" encoding="UTF-8"?>
<!-- Generated by org.testng.reporters.JUnitReportReporter -->
<testsuite hostname="ZHOUJOSEPHdeMacBook-Air.local" name="com.netease.user.QueryUser" tests="5" failures="0" timestamp="5 Jun 2015 01:48:06 GMT" time="0.221" errors="0">
  <testcase name="queryUser" time="0.050" classname="com.netease.user.QueryUser"/>
  <testcase name="queryUser" time="0.052" classname="com.netease.user.QueryUser"/>
  <testcase name="queryUser" time="0.046" classname="com.netease.user.QueryUser"/>
  <testcase name="queryUser" time="0.030" classname="com.netease.user.QueryUser"/>
  <testcase name="queryUser" time="0.043" classname="com.netease.user.QueryUser"/>
</testsuite> <!-- com.netease.user.QueryUser -->
