<?xml version="1.0" encoding="UTF-8"?>
<!-- Generated by org.testng.reporters.JUnitReportReporter -->
<testsuite hostname="ZHOUJOSEPHdeMacBook-Air.local" name="com.netease.comment.VoteComment" tests="7" failures="0" timestamp="5 Jun 2015 01:48:06 GMT" time="0.440" errors="0">
  <testcase name="voteComment" time="0.049" classname="com.netease.comment.VoteComment"/>
  <testcase name="voteComment" time="0.058" classname="com.netease.comment.VoteComment"/>
  <testcase name="voteComment" time="0.072" classname="com.netease.comment.VoteComment"/>
  <testcase name="voteComment" time="0.060" classname="com.netease.comment.VoteComment"/>
  <testcase name="voteComment" time="0.064" classname="com.netease.comment.VoteComment"/>
  <testcase name="voteComment" time="0.076" classname="com.netease.comment.VoteComment"/>
  <testcase name="voteComment" time="0.061" classname="com.netease.comment.VoteComment"/>
</testsuite> <!-- com.netease.comment.VoteComment -->
