<?xml version="1.0" encoding="UTF-8"?>
<!-- Generated by org.testng.reporters.JUnitReportReporter -->
<testsuite hostname="ZHOUJOSEPHdeMacBook-Air.local" name="com.netease.comment.QueryMyComment" tests="28" failures="0" timestamp="5 Jun 2015 01:50:30 GMT" time="3.609" errors="0">
  <testcase name="queryMyComment" time="0.112" classname="com.netease.comment.QueryMyComment"/>
  <testcase name="queryMyComment" time="0.098" classname="com.netease.comment.QueryMyComment"/>
  <testcase name="queryMyComment" time="0.083" classname="com.netease.comment.QueryMyComment"/>
  <testcase name="queryMyComment" time="0.116" classname="com.netease.comment.QueryMyComment"/>
  <testcase name="queryMyComment" time="0.104" classname="com.netease.comment.QueryMyComment"/>
  <testcase name="queryMyComment" time="0.149" classname="com.netease.comment.QueryMyComment"/>
  <testcase name="queryMyComment" time="0.060" classname="com.netease.comment.QueryMyComment"/>
  <testcase name="queryMyComment" time="0.086" classname="com.netease.comment.QueryMyComment"/>
  <testcase name="queryMyComment" time="0.055" classname="com.netease.comment.QueryMyComment"/>
  <testcase name="queryMyComment" time="0.094" classname="com.netease.comment.QueryMyComment"/>
  <testcase name="queryMyComment" time="0.258" classname="com.netease.comment.QueryMyComment"/>
  <testcase name="queryMyComment" time="0.114" classname="com.netease.comment.QueryMyComment"/>
  <testcase name="queryMyComment" time="0.073" classname="com.netease.comment.QueryMyComment"/>
  <testcase name="queryMyComment" time="0.654" classname="com.netease.comment.QueryMyComment"/>
  <testcase name="queryMyComment" time="0.205" classname="com.netease.comment.QueryMyComment"/>
  <testcase name="queryMyComment" time="0.105" classname="com.netease.comment.QueryMyComment"/>
  <testcase name="queryMyComment" time="0.076" classname="com.netease.comment.QueryMyComment"/>
  <testcase name="queryMyComment" time="0.078" classname="com.netease.comment.QueryMyComment"/>
  <testcase name="queryMyComment" time="0.042" classname="com.netease.comment.QueryMyComment"/>
  <testcase name="queryMyComment" time="0.081" classname="com.netease.comment.QueryMyComment"/>
  <testcase name="queryMyComment" time="0.157" classname="com.netease.comment.QueryMyComment"/>
  <testcase name="queryMyComment" time="0.058" classname="com.netease.comment.QueryMyComment"/>
  <testcase name="queryMyComment" time="0.140" classname="com.netease.comment.QueryMyComment"/>
  <testcase name="queryMyComment" time="0.109" classname="com.netease.comment.QueryMyComment"/>
  <testcase name="queryMyComment" time="0.100" classname="com.netease.comment.QueryMyComment"/>
  <testcase name="queryMyComment" time="0.077" classname="com.netease.comment.QueryMyComment"/>
  <testcase name="queryMyComment" time="0.217" classname="com.netease.comment.QueryMyComment"/>
  <testcase name="queryMyComment" time="0.108" classname="com.netease.comment.QueryMyComment"/>
</testsuite> <!-- com.netease.comment.QueryMyComment -->
