<?xml version="1.0" encoding="UTF-8"?>
<!-- Generated by org.testng.reporters.JUnitReportReporter -->
<testsuite hostname="ZHOUJOSEPHdeMacBook-Air.local" name="com.netease.comment.QueryComment" tests="9" failures="0" timestamp="5 Jun 2015 01:48:06 GMT" time="0.456" errors="0">
  <testcase name="queryComment" time="0.037" classname="com.netease.comment.QueryComment"/>
  <testcase name="queryComment" time="0.033" classname="com.netease.comment.QueryComment"/>
  <testcase name="queryComment" time="0.066" classname="com.netease.comment.QueryComment"/>
  <testcase name="queryComment" time="0.036" classname="com.netease.comment.QueryComment"/>
  <testcase name="queryComment" time="0.067" classname="com.netease.comment.QueryComment"/>
  <testcase name="queryComment" time="0.059" classname="com.netease.comment.QueryComment"/>
  <testcase name="queryComment" time="0.041" classname="com.netease.comment.QueryComment"/>
  <testcase name="queryComment" time="0.078" classname="com.netease.comment.QueryComment"/>
  <testcase name="queryComment" time="0.039" classname="com.netease.comment.QueryComment"/>
</testsuite> <!-- com.netease.comment.QueryComment -->
