<?xml version="1.0" encoding="UTF-8"?>
<!-- Generated by org.testng.reporters.JUnitReportReporter -->
<testsuite hostname="ZHOUJOSEPHdeMacBook-Air.local" name="com.netease.util.TestHttpRequest" tests="1" failures="0" timestamp="29 May 2015 01:58:45 GMT" time="0.655" errors="0">
  <testcase name="TestPostRequest" time="0.655" classname="com.netease.util.TestHttpRequest"/>
</testsuite> <!-- com.netease.util.TestHttpRequest -->
