<?xml version="1.0" encoding="UTF-8"?>
<!-- Generated by org.testng.reporters.JUnitReportReporter -->
<testsuite hostname="ZHOUJOSEPHdeMacBook-Air.local" name="com.netease.comment.QueryReplyMyComment" tests="27" failures="0" timestamp="1 Jun 2015 11:21:54 GMT" time="8.281" errors="0">
  <testcase name="queryMyComment" time="0.285" classname="com.netease.comment.QueryReplyMyComment"/>
  <testcase name="queryMyComment" time="0.319" classname="com.netease.comment.QueryReplyMyComment"/>
  <testcase name="queryMyComment" time="0.269" classname="com.netease.comment.QueryReplyMyComment"/>
  <testcase name="queryMyComment" time="0.293" classname="com.netease.comment.QueryReplyMyComment"/>
  <testcase name="queryMyComment" time="0.253" classname="com.netease.comment.QueryReplyMyComment"/>
  <testcase name="queryMyComment" time="0.286" classname="com.netease.comment.QueryReplyMyComment"/>
  <testcase name="queryMyComment" time="0.258" classname="com.netease.comment.QueryReplyMyComment"/>
  <testcase name="queryMyComment" time="0.271" classname="com.netease.comment.QueryReplyMyComment"/>
  <testcase name="queryMyComment" time="1.096" classname="com.netease.comment.QueryReplyMyComment"/>
  <testcase name="queryMyComment" time="0.298" classname="com.netease.comment.QueryReplyMyComment"/>
  <testcase name="queryMyComment" time="0.253" classname="com.netease.comment.QueryReplyMyComment"/>
  <testcase name="queryMyComment" time="0.295" classname="com.netease.comment.QueryReplyMyComment"/>
  <testcase name="queryMyComment" time="0.251" classname="com.netease.comment.QueryReplyMyComment"/>
  <testcase name="queryMyComment" time="0.256" classname="com.netease.comment.QueryReplyMyComment"/>
  <testcase name="queryMyComment" time="0.303" classname="com.netease.comment.QueryReplyMyComment"/>
  <testcase name="queryMyComment" time="0.263" classname="com.netease.comment.QueryReplyMyComment"/>
  <testcase name="queryMyComment" time="0.296" classname="com.netease.comment.QueryReplyMyComment"/>
  <testcase name="queryMyComment" time="0.253" classname="com.netease.comment.QueryReplyMyComment"/>
  <testcase name="queryMyComment" time="0.292" classname="com.netease.comment.QueryReplyMyComment"/>
  <testcase name="queryMyComment" time="0.282" classname="com.netease.comment.QueryReplyMyComment"/>
  <testcase name="queryMyComment" time="0.262" classname="com.netease.comment.QueryReplyMyComment"/>
  <testcase name="queryMyComment" time="0.292" classname="com.netease.comment.QueryReplyMyComment"/>
  <testcase name="queryMyComment" time="0.277" classname="com.netease.comment.QueryReplyMyComment"/>
  <testcase name="queryMyComment" time="0.277" classname="com.netease.comment.QueryReplyMyComment"/>
  <testcase name="queryMyComment" time="0.276" classname="com.netease.comment.QueryReplyMyComment"/>
  <testcase name="queryMyComment" time="0.244" classname="com.netease.comment.QueryReplyMyComment"/>
  <testcase name="queryMyComment" time="0.281" classname="com.netease.comment.QueryReplyMyComment"/>
</testsuite> <!-- com.netease.comment.QueryReplyMyComment -->
