<?xml version="1.0" encoding="UTF-8"?>
<!-- Generated by org.testng.reporters.JUnitReportReporter -->
<testsuite hostname="ZHOUJOSEPHdeMacBook-Air.local" name="com.netease.comment.QueryNewComment" tests="27" failures="0" timestamp="5 Jun 2015 01:48:06 GMT" time="1.497" errors="0">
  <testcase name="queryHotComment" time="0.032" classname="com.netease.comment.QueryNewComment"/>
  <testcase name="queryHotComment" time="0.047" classname="com.netease.comment.QueryNewComment"/>
  <testcase name="queryHotComment" time="0.047" classname="com.netease.comment.QueryNewComment"/>
  <testcase name="queryHotComment" time="0.033" classname="com.netease.comment.QueryNewComment"/>
  <testcase name="queryHotComment" time="0.032" classname="com.netease.comment.QueryNewComment"/>
  <testcase name="queryHotComment" time="0.057" classname="com.netease.comment.QueryNewComment"/>
  <testcase name="queryHotComment" time="0.038" classname="com.netease.comment.QueryNewComment"/>
  <testcase name="queryHotComment" time="0.055" classname="com.netease.comment.QueryNewComment"/>
  <testcase name="queryHotComment" time="0.057" classname="com.netease.comment.QueryNewComment"/>
  <testcase name="queryHotComment" time="0.065" classname="com.netease.comment.QueryNewComment"/>
  <testcase name="queryHotComment" time="0.070" classname="com.netease.comment.QueryNewComment"/>
  <testcase name="queryHotComment" time="0.033" classname="com.netease.comment.QueryNewComment"/>
  <testcase name="queryHotComment" time="0.071" classname="com.netease.comment.QueryNewComment"/>
  <testcase name="queryHotComment" time="0.046" classname="com.netease.comment.QueryNewComment"/>
  <testcase name="queryHotComment" time="0.068" classname="com.netease.comment.QueryNewComment"/>
  <testcase name="queryHotComment" time="0.036" classname="com.netease.comment.QueryNewComment"/>
  <testcase name="queryHotComment" time="0.043" classname="com.netease.comment.QueryNewComment"/>
  <testcase name="queryHotComment" time="0.085" classname="com.netease.comment.QueryNewComment"/>
  <testcase name="queryHotComment" time="0.068" classname="com.netease.comment.QueryNewComment"/>
  <testcase name="queryHotComment" time="0.102" classname="com.netease.comment.QueryNewComment"/>
  <testcase name="queryHotComment" time="0.035" classname="com.netease.comment.QueryNewComment"/>
  <testcase name="queryHotComment" time="0.042" classname="com.netease.comment.QueryNewComment"/>
  <testcase name="queryHotComment" time="0.071" classname="com.netease.comment.QueryNewComment"/>
  <testcase name="queryHotComment" time="0.072" classname="com.netease.comment.QueryNewComment"/>
  <testcase name="queryHotComment" time="0.063" classname="com.netease.comment.QueryNewComment"/>
  <testcase name="queryHotComment" time="0.064" classname="com.netease.comment.QueryNewComment"/>
  <testcase name="queryHotComment" time="0.065" classname="com.netease.comment.QueryNewComment"/>
</testsuite> <!-- com.netease.comment.QueryNewComment -->
