<?xml version="1.0" encoding="UTF-8"?>
<!-- Generated by org.testng.reporters.JUnitReportReporter -->
<testsuite hostname="ZHOUJOSEPHdeMacBook-Air.local" name="com.netease.thread.CreateThread" tests="10" failures="0" timestamp="5 Jun 2015 01:48:06 GMT" time="0.980" errors="0">
  <testcase name="creatThread" time="0.075" classname="com.netease.thread.CreateThread"/>
  <testcase name="creatThread" time="0.073" classname="com.netease.thread.CreateThread"/>
  <testcase name="creatThread" time="0.113" classname="com.netease.thread.CreateThread"/>
  <testcase name="creatThread" time="0.079" classname="com.netease.thread.CreateThread"/>
  <testcase name="creatThread" time="0.050" classname="com.netease.thread.CreateThread"/>
  <testcase name="creatThread" time="0.041" classname="com.netease.thread.CreateThread"/>
  <testcase name="creatThread" time="0.066" classname="com.netease.thread.CreateThread"/>
  <testcase name="creatThread" time="0.097" classname="com.netease.thread.CreateThread"/>
  <testcase name="creatThread" time="0.338" classname="com.netease.thread.CreateThread"/>
  <testcase name="creatThread" time="0.048" classname="com.netease.thread.CreateThread"/>
</testsuite> <!-- com.netease.thread.CreateThread -->
