<?xml version="1.0" encoding="UTF-8"?>
<!-- Generated by org.testng.reporters.JUnitReportReporter -->
<testsuite hostname="ZHOUJOSEPHdeMacBook-Air.local" name="com.netease.comment.AgainstComment" tests="7" failures="0" timestamp="5 Jun 2015 01:48:06 GMT" time="2.078" errors="0">
  <testcase name="againstComment" time="0.440" classname="com.netease.comment.AgainstComment"/>
  <testcase name="againstComment" time="0.064" classname="com.netease.comment.AgainstComment"/>
  <testcase name="againstComment" time="0.046" classname="com.netease.comment.AgainstComment"/>
  <testcase name="againstComment" time="0.289" classname="com.netease.comment.AgainstComment"/>
  <testcase name="againstComment" time="0.034" classname="com.netease.comment.AgainstComment"/>
  <testcase name="againstComment" time="0.059" classname="com.netease.comment.AgainstComment"/>
  <testcase name="againstComment" time="1.146" classname="com.netease.comment.AgainstComment"/>
</testsuite> <!-- com.netease.comment.AgainstComment -->
