<?xml version="1.0" encoding="UTF-8"?>
<!-- Generated by org.testng.reporters.JUnitReportReporter -->
<testsuite hostname="ZHOUJOSEPHdeMacBook-Air.local" name="com.netease.util.Debug" tests="5" failures="0" timestamp="28 May 2015 01:36:14 GMT" time="0.531" errors="0">
  <testcase name="queryThread" time="0.019" classname="com.netease.util.Debug"/>
  <testcase name="queryThread" time="0.018" classname="com.netease.util.Debug"/>
  <testcase name="queryThread" time="0.016" classname="com.netease.util.Debug"/>
  <testcase name="queryThread" time="0.021" classname="com.netease.util.Debug"/>
  <testcase name="queryThread" time="0.457" classname="com.netease.util.Debug"/>
</testsuite> <!-- com.netease.util.Debug -->
