<?xml version="1.0" encoding="UTF-8"?>
<!-- Generated by org.testng.reporters.JUnitReportReporter -->
<testsuite hostname="ZHOUJOSEPHdeMacBook-Air.local" name="com.netease.comment.QueryThread" tests="2" failures="0" timestamp="19 May 2015 02:56:54 GMT" time="0.478" errors="0">
  <testcase name="f" time="0.031" classname="com.netease.comment.QueryThread"/>
  <testcase name="f" time="0.447" classname="com.netease.comment.QueryThread"/>
</testsuite> <!-- com.netease.comment.QueryThread -->
