<?xml version="1.0" encoding="UTF-8"?>
<!-- Generated by org.testng.reporters.JUnitReportReporter -->
<testsuite hostname="ZHOUJOSEPHdeMacBook-Air.local" name="com.netease.comment.QueryHotComment" tests="27" failures="0" timestamp="3 Jun 2015 07:32:12 GMT" time="0.686" errors="0">
  <testcase name="queryHotComment" time="0.014" classname="com.netease.comment.QueryHotComment"/>
  <testcase name="queryHotComment" time="0.071" classname="com.netease.comment.QueryHotComment"/>
  <testcase name="queryHotComment" time="0.037" classname="com.netease.comment.QueryHotComment"/>
  <testcase name="queryHotComment" time="0.027" classname="com.netease.comment.QueryHotComment"/>
  <testcase name="queryHotComment" time="0.028" classname="com.netease.comment.QueryHotComment"/>
  <testcase name="queryHotComment" time="0.016" classname="com.netease.comment.QueryHotComment"/>
  <testcase name="queryHotComment" time="0.025" classname="com.netease.comment.QueryHotComment"/>
  <testcase name="queryHotComment" time="0.014" classname="com.netease.comment.QueryHotComment"/>
  <testcase name="queryHotComment" time="0.024" classname="com.netease.comment.QueryHotComment"/>
  <testcase name="queryHotComment" time="0.026" classname="com.netease.comment.QueryHotComment"/>
  <testcase name="queryHotComment" time="0.018" classname="com.netease.comment.QueryHotComment"/>
  <testcase name="queryHotComment" time="0.024" classname="com.netease.comment.QueryHotComment"/>
  <testcase name="queryHotComment" time="0.027" classname="com.netease.comment.QueryHotComment"/>
  <testcase name="queryHotComment" time="0.017" classname="com.netease.comment.QueryHotComment"/>
  <testcase name="queryHotComment" time="0.015" classname="com.netease.comment.QueryHotComment"/>
  <testcase name="queryHotComment" time="0.022" classname="com.netease.comment.QueryHotComment"/>
  <testcase name="queryHotComment" time="0.017" classname="com.netease.comment.QueryHotComment"/>
  <testcase name="queryHotComment" time="0.026" classname="com.netease.comment.QueryHotComment"/>
  <testcase name="queryHotComment" time="0.030" classname="com.netease.comment.QueryHotComment"/>
  <testcase name="queryHotComment" time="0.019" classname="com.netease.comment.QueryHotComment"/>
  <testcase name="queryHotComment" time="0.024" classname="com.netease.comment.QueryHotComment"/>
  <testcase name="queryHotComment" time="0.024" classname="com.netease.comment.QueryHotComment"/>
  <testcase name="queryHotComment" time="0.056" classname="com.netease.comment.QueryHotComment"/>
  <testcase name="queryHotComment" time="0.025" classname="com.netease.comment.QueryHotComment"/>
  <testcase name="queryHotComment" time="0.022" classname="com.netease.comment.QueryHotComment"/>
  <testcase name="queryHotComment" time="0.023" classname="com.netease.comment.QueryHotComment"/>
  <testcase name="queryHotComment" time="0.015" classname="com.netease.comment.QueryHotComment"/>
</testsuite> <!-- com.netease.comment.QueryHotComment -->
