<?xml version="1.0" encoding="UTF-8"?>
<!-- Generated by org.testng.reporters.JUnitReportReporter -->
<testsuite hostname="ZHOUJOSEPHdeMacBook-Air.local" name="com.netease.comment.QueryNewComment" tests="27" failures="0" timestamp="3 Jun 2015 07:32:12 GMT" time="0.523" errors="0">
  <testcase name="queryHotComment" time="0.022" classname="com.netease.comment.QueryNewComment"/>
  <testcase name="queryHotComment" time="0.017" classname="com.netease.comment.QueryNewComment"/>
  <testcase name="queryHotComment" time="0.020" classname="com.netease.comment.QueryNewComment"/>
  <testcase name="queryHotComment" time="0.011" classname="com.netease.comment.QueryNewComment"/>
  <testcase name="queryHotComment" time="0.016" classname="com.netease.comment.QueryNewComment"/>
  <testcase name="queryHotComment" time="0.013" classname="com.netease.comment.QueryNewComment"/>
  <testcase name="queryHotComment" time="0.024" classname="com.netease.comment.QueryNewComment"/>
  <testcase name="queryHotComment" time="0.012" classname="com.netease.comment.QueryNewComment"/>
  <testcase name="queryHotComment" time="0.026" classname="com.netease.comment.QueryNewComment"/>
  <testcase name="queryHotComment" time="0.027" classname="com.netease.comment.QueryNewComment"/>
  <testcase name="queryHotComment" time="0.017" classname="com.netease.comment.QueryNewComment"/>
  <testcase name="queryHotComment" time="0.012" classname="com.netease.comment.QueryNewComment"/>
  <testcase name="queryHotComment" time="0.012" classname="com.netease.comment.QueryNewComment"/>
  <testcase name="queryHotComment" time="0.018" classname="com.netease.comment.QueryNewComment"/>
  <testcase name="queryHotComment" time="0.020" classname="com.netease.comment.QueryNewComment"/>
  <testcase name="queryHotComment" time="0.036" classname="com.netease.comment.QueryNewComment"/>
  <testcase name="queryHotComment" time="0.014" classname="com.netease.comment.QueryNewComment"/>
  <testcase name="queryHotComment" time="0.019" classname="com.netease.comment.QueryNewComment"/>
  <testcase name="queryHotComment" time="0.012" classname="com.netease.comment.QueryNewComment"/>
  <testcase name="queryHotComment" time="0.014" classname="com.netease.comment.QueryNewComment"/>
  <testcase name="queryHotComment" time="0.013" classname="com.netease.comment.QueryNewComment"/>
  <testcase name="queryHotComment" time="0.024" classname="com.netease.comment.QueryNewComment"/>
  <testcase name="queryHotComment" time="0.026" classname="com.netease.comment.QueryNewComment"/>
  <testcase name="queryHotComment" time="0.022" classname="com.netease.comment.QueryNewComment"/>
  <testcase name="queryHotComment" time="0.026" classname="com.netease.comment.QueryNewComment"/>
  <testcase name="queryHotComment" time="0.013" classname="com.netease.comment.QueryNewComment"/>
  <testcase name="queryHotComment" time="0.037" classname="com.netease.comment.QueryNewComment"/>
</testsuite> <!-- com.netease.comment.QueryNewComment -->
