<?xml version="1.0" encoding="UTF-8"?>
<!-- Generated by org.testng.reporters.JUnitReportReporter -->
<testsuite hostname="ZHOUJOSEPHdeMacBook-Air.local" name="com.netease.user.QueryAuthUser" tests="4" failures="0" timestamp="3 Jun 2015 07:32:12 GMT" time="0.061" errors="0">
  <testcase name="queryAuthUser" time="0.013" classname="com.netease.user.QueryAuthUser"/>
  <testcase name="queryAuthUser" time="0.015" classname="com.netease.user.QueryAuthUser"/>
  <testcase name="queryAuthUser" time="0.013" classname="com.netease.user.QueryAuthUser"/>
  <testcase name="queryAuthUser" time="0.020" classname="com.netease.user.QueryAuthUser"/>
</testsuite> <!-- com.netease.user.QueryAuthUser -->
