<?xml version="1.0" encoding="UTF-8"?>
<!-- Generated by org.testng.reporters.JUnitReportReporter -->
<testsuite hostname="ZHOUJOSEPHdeMacBook-Air.local" name="com.netease.comment.QueryMyComment" tests="27" failures="0" timestamp="3 Jun 2015 07:32:12 GMT" time="0.748" errors="0">
  <testcase name="queryMyComment" time="0.022" classname="com.netease.comment.QueryMyComment"/>
  <testcase name="queryMyComment" time="0.025" classname="com.netease.comment.QueryMyComment"/>
  <testcase name="queryMyComment" time="0.016" classname="com.netease.comment.QueryMyComment"/>
  <testcase name="queryMyComment" time="0.014" classname="com.netease.comment.QueryMyComment"/>
  <testcase name="queryMyComment" time="0.014" classname="com.netease.comment.QueryMyComment"/>
  <testcase name="queryMyComment" time="0.051" classname="com.netease.comment.QueryMyComment"/>
  <testcase name="queryMyComment" time="0.014" classname="com.netease.comment.QueryMyComment"/>
  <testcase name="queryMyComment" time="0.019" classname="com.netease.comment.QueryMyComment"/>
  <testcase name="queryMyComment" time="0.255" classname="com.netease.comment.QueryMyComment"/>
  <testcase name="queryMyComment" time="0.015" classname="com.netease.comment.QueryMyComment"/>
  <testcase name="queryMyComment" time="0.022" classname="com.netease.comment.QueryMyComment"/>
  <testcase name="queryMyComment" time="0.012" classname="com.netease.comment.QueryMyComment"/>
  <testcase name="queryMyComment" time="0.018" classname="com.netease.comment.QueryMyComment"/>
  <testcase name="queryMyComment" time="0.013" classname="com.netease.comment.QueryMyComment"/>
  <testcase name="queryMyComment" time="0.016" classname="com.netease.comment.QueryMyComment"/>
  <testcase name="queryMyComment" time="0.016" classname="com.netease.comment.QueryMyComment"/>
  <testcase name="queryMyComment" time="0.032" classname="com.netease.comment.QueryMyComment"/>
  <testcase name="queryMyComment" time="0.014" classname="com.netease.comment.QueryMyComment"/>
  <testcase name="queryMyComment" time="0.017" classname="com.netease.comment.QueryMyComment"/>
  <testcase name="queryMyComment" time="0.017" classname="com.netease.comment.QueryMyComment"/>
  <testcase name="queryMyComment" time="0.010" classname="com.netease.comment.QueryMyComment"/>
  <testcase name="queryMyComment" time="0.016" classname="com.netease.comment.QueryMyComment"/>
  <testcase name="queryMyComment" time="0.012" classname="com.netease.comment.QueryMyComment"/>
  <testcase name="queryMyComment" time="0.017" classname="com.netease.comment.QueryMyComment"/>
  <testcase name="queryMyComment" time="0.024" classname="com.netease.comment.QueryMyComment"/>
  <testcase name="queryMyComment" time="0.021" classname="com.netease.comment.QueryMyComment"/>
  <testcase name="queryMyComment" time="0.026" classname="com.netease.comment.QueryMyComment"/>
</testsuite> <!-- com.netease.comment.QueryMyComment -->
