<?xml version="1.0" encoding="UTF-8"?>
<!-- Generated by org.testng.reporters.JUnitReportReporter -->
<testsuite hostname="ZHOUJOSEPHdeMacBook-Air.local" name="com.netease.comment.QueryUserComment" tests="28" failures="0" timestamp="3 Jun 2015 07:32:12 GMT" time="0.871" errors="1">
  <testcase name="queryUserComment" time="0.036" classname="com.netease.comment.QueryUserComment"/>
  <testcase name="queryUserComment" time="0.030" classname="com.netease.comment.QueryUserComment"/>
  <testcase name="queryUserComment" time="0.020" classname="com.netease.comment.QueryUserComment"/>
  <testcase name="queryUserComment" time="0.037" classname="com.netease.comment.QueryUserComment"/>
  <testcase name="queryUserComment" time="0.028" classname="com.netease.comment.QueryUserComment"/>
  <testcase name="queryUserComment" time="0.030" classname="com.netease.comment.QueryUserComment"/>
  <testcase name="queryUserComment" time="0.029" classname="com.netease.comment.QueryUserComment"/>
  <testcase name="queryUserComment" time="0.024" classname="com.netease.comment.QueryUserComment"/>
  <testcase name="queryUserComment" time="0.039" classname="com.netease.comment.QueryUserComment"/>
  <testcase name="queryUserComment" time="0.030" classname="com.netease.comment.QueryUserComment"/>
  <testcase name="queryUserComment" time="0.030" classname="com.netease.comment.QueryUserComment"/>
  <testcase name="queryUserComment" time="0.028" classname="com.netease.comment.QueryUserComment"/>
  <testcase name="queryUserComment" time="0.040" classname="com.netease.comment.QueryUserComment"/>
  <testcase name="queryUserComment" time="0.018" classname="com.netease.comment.QueryUserComment"/>
  <testcase name="queryUserComment" time="0.020" classname="com.netease.comment.QueryUserComment"/>
  <testcase name="queryUserComment" time="0.036" classname="com.netease.comment.QueryUserComment"/>
  <testcase name="queryUserComment" time="0.025" classname="com.netease.comment.QueryUserComment"/>
  <testcase name="queryUserComment" time="0.061" classname="com.netease.comment.QueryUserComment"/>
  <testcase name="queryUserComment" time="0.023" classname="com.netease.comment.QueryUserComment"/>
  <testcase name="queryUserComment" time="0.048" classname="com.netease.comment.QueryUserComment"/>
  <testcase name="queryUserComment" time="0.024" classname="com.netease.comment.QueryUserComment"/>
  <testcase name="queryUserComment" time="0.028" classname="com.netease.comment.QueryUserComment">
    <error type="java.lang.AssertionError" message="expected:&lt;400&gt; but was:&lt;422&gt;">
      <![CDATA[java.lang.AssertionError: expected:<400> but was:<422>
	at org.testng.Assert.fail(Assert.java:89)
	at org.testng.Assert.failNotEquals(Assert.java:489)
	at org.testng.Assert.assertEquals(Assert.java:118)
	at org.testng.Assert.assertEquals(Assert.java:171)
	at org.testng.Assert.assertEquals(Assert.java:181)
	at com.netease.util.ReturnCheck.returnCheck(ReturnCheck.java:48)
	at com.netease.util.HttpRequest.httpGetRequest(HttpRequest.java:42)
	at com.netease.comment.QueryUserComment.queryUserComment(QueryUserComment.java:17)
	at sun.reflect.NativeMethodAccessorImpl.invoke0(Native Method)
	at sun.reflect.NativeMethodAccessorImpl.invoke(NativeMethodAccessorImpl.java:62)
	at sun.reflect.DelegatingMethodAccessorImpl.invoke(DelegatingMethodAccessorImpl.java:43)
	at java.lang.reflect.Method.invoke(Method.java:497)
	at org.testng.internal.MethodInvocationHelper.invokeMethod(MethodInvocationHelper.java:80)
	at org.testng.internal.Invoker.invokeMethod(Invoker.java:701)
	at org.testng.internal.Invoker.invokeTestMethod(Invoker.java:893)
	at org.testng.internal.Invoker.invokeTestMethods(Invoker.java:1218)
	at org.testng.internal.TestMethodWorker.invokeTestMethods(TestMethodWorker.java:127)
	at org.testng.internal.TestMethodWorker.run(TestMethodWorker.java:111)
	at org.testng.TestRunner.privateRun(TestRunner.java:758)
	at org.testng.TestRunner.run(TestRunner.java:613)
	at org.testng.SuiteRunner.runTest(SuiteRunner.java:334)
	at org.testng.SuiteRunner.runSequentially(SuiteRunner.java:329)
	at org.testng.SuiteRunner.privateRun(SuiteRunner.java:291)
	at org.testng.SuiteRunner.run(SuiteRunner.java:240)
	at org.testng.SuiteRunnerWorker.runSuite(SuiteRunnerWorker.java:53)
	at org.testng.SuiteRunnerWorker.run(SuiteRunnerWorker.java:87)
	at org.testng.TestNG.runSuitesSequentially(TestNG.java:1170)
	at org.testng.TestNG.runSuitesLocally(TestNG.java:1095)
	at org.testng.TestNG.run(TestNG.java:1007)
	at org.apache.maven.surefire.testng.TestNGExecutor.run(TestNGExecutor.java:77)
	at org.apache.maven.surefire.testng.TestNGXmlTestSuite.execute(TestNGXmlTestSuite.java:92)
	at org.apache.maven.surefire.Surefire.run(Surefire.java:177)
	at sun.reflect.NativeMethodAccessorImpl.invoke0(Native Method)
	at sun.reflect.NativeMethodAccessorImpl.invoke(NativeMethodAccessorImpl.java:62)
	at sun.reflect.DelegatingMethodAccessorImpl.invoke(DelegatingMethodAccessorImpl.java:43)
	at java.lang.reflect.Method.invoke(Method.java:497)
	at org.apache.maven.surefire.booter.SurefireBooter.runSuitesInProcess(SurefireBooter.java:334)
	at org.apache.maven.surefire.booter.SurefireBooter.main(SurefireBooter.java:980)
]]>
    </error>
  </testcase> <!-- queryUserComment -->
  <testcase name="queryUserComment" time="0.026" classname="com.netease.comment.QueryUserComment"/>
  <testcase name="queryUserComment" time="0.038" classname="com.netease.comment.QueryUserComment"/>
  <testcase name="queryUserComment" time="0.036" classname="com.netease.comment.QueryUserComment"/>
  <testcase name="queryUserComment" time="0.031" classname="com.netease.comment.QueryUserComment"/>
  <testcase name="queryUserComment" time="0.025" classname="com.netease.comment.QueryUserComment"/>
  <testcase name="queryUserComment" time="0.031" classname="com.netease.comment.QueryUserComment"/>
</testsuite> <!-- com.netease.comment.QueryUserComment -->
