<?xml version="1.0" encoding="UTF-8"?>
<!-- Generated by org.testng.reporters.JUnitReportReporter -->
<testsuite hostname="ZHOUJOSEPHdeMacBook-Air.local" name="com.netease.thread.ModifyThread" tests="10" failures="0" timestamp="3 Jun 2015 07:32:12 GMT" time="2.500" errors="0">
  <testcase name="modifyRequest" time="0.415" classname="com.netease.thread.ModifyThread"/>
  <testcase name="modifyRequest" time="0.139" classname="com.netease.thread.ModifyThread"/>
  <testcase name="modifyRequest" time="0.207" classname="com.netease.thread.ModifyThread"/>
  <testcase name="modifyRequest" time="0.310" classname="com.netease.thread.ModifyThread"/>
  <testcase name="modifyRequest" time="0.026" classname="com.netease.thread.ModifyThread"/>
  <testcase name="modifyRequest" time="0.313" classname="com.netease.thread.ModifyThread"/>
  <testcase name="modifyRequest" time="0.160" classname="com.netease.thread.ModifyThread"/>
  <testcase name="modifyRequest" time="0.029" classname="com.netease.thread.ModifyThread"/>
  <testcase name="modifyRequest" time="0.524" classname="com.netease.thread.ModifyThread"/>
  <testcase name="modifyRequest" time="0.377" classname="com.netease.thread.ModifyThread"/>
</testsuite> <!-- com.netease.thread.ModifyThread -->
