<?xml version="1.0" encoding="UTF-8"?>
<!-- Generated by org.testng.reporters.JUnitReportReporter -->
<testsuite hostname="ZHOUJOSEPHdeMacBook-Air.local" name="com.netease.user.QueryUser" tests="5" failures="0" timestamp="3 Jun 2015 07:32:12 GMT" time="0.076" errors="0">
  <testcase name="queryUser" time="0.015" classname="com.netease.user.QueryUser"/>
  <testcase name="queryUser" time="0.010" classname="com.netease.user.QueryUser"/>
  <testcase name="queryUser" time="0.018" classname="com.netease.user.QueryUser"/>
  <testcase name="queryUser" time="0.014" classname="com.netease.user.QueryUser"/>
  <testcase name="queryUser" time="0.019" classname="com.netease.user.QueryUser"/>
</testsuite> <!-- com.netease.user.QueryUser -->
