<?xml version="1.0" encoding="UTF-8"?>
<!-- Generated by org.testng.reporters.JUnitReportReporter -->
<testsuite hostname="ZHOUJOSEPHdeMacBook-Air.local" name="com.netease.thread.CreateThread" tests="10" failures="0" timestamp="3 Jun 2015 07:32:12 GMT" time="2.842" errors="0">
  <testcase name="creatThread" time="0.028" classname="com.netease.thread.CreateThread"/>
  <testcase name="creatThread" time="0.798" classname="com.netease.thread.CreateThread"/>
  <testcase name="creatThread" time="0.141" classname="com.netease.thread.CreateThread"/>
  <testcase name="creatThread" time="0.027" classname="com.netease.thread.CreateThread"/>
  <testcase name="creatThread" time="0.028" classname="com.netease.thread.CreateThread"/>
  <testcase name="creatThread" time="0.031" classname="com.netease.thread.CreateThread"/>
  <testcase name="creatThread" time="0.864" classname="com.netease.thread.CreateThread"/>
  <testcase name="creatThread" time="0.039" classname="com.netease.thread.CreateThread"/>
  <testcase name="creatThread" time="0.028" classname="com.netease.thread.CreateThread"/>
  <testcase name="creatThread" time="0.858" classname="com.netease.thread.CreateThread"/>
</testsuite> <!-- com.netease.thread.CreateThread -->
